<?xml version="1.0" encoding="UTF-8"?>
<testng-results ignored="0" total="1" passed="0" failed="1" skipped="0">
  <reporter-output>
  </reporter-output>
  <suite started-at="2022-11-26T20:16:04 IST" name="Default suite" finished-at="2022-11-26T20:17:53 IST" duration-ms="108711">
    <groups>
    </groups>
    <test started-at="2022-11-26T20:16:04 IST" name="Default test" finished-at="2022-11-26T20:17:53 IST" duration-ms="108711">
      <class name="login_test_class.LOGIN_TEST_PERFORM">
        <test-method is-config="true" signature="openbroweser()[pri:0, instance:login_test_class.LOGIN_TEST_PERFORM@72967906]" started-at="2022-11-26T20:16:04 IST" name="openbroweser" finished-at="2022-11-26T20:16:16 IST" duration-ms="11653" status="PASS">
          <reporter-output>
          </reporter-output>
        </test-method> <!-- openbroweser -->
        <test-method is-config="true" signature="switch_to_frame()[pri:0, instance:login_test_class.LOGIN_TEST_PERFORM@72967906]" started-at="2022-11-26T20:16:16 IST" name="switch_to_frame" finished-at="2022-11-26T20:16:48 IST" duration-ms="32205" status="PASS">
          <reporter-output>
          </reporter-output>
        </test-method> <!-- switch_to_frame -->
        <test-method signature="loginwothcredential()[pri:0, instance:login_test_class.LOGIN_TEST_PERFORM@72967906]" started-at="2022-11-26T20:16:48 IST" name="loginwothcredential" finished-at="2022-11-26T20:17:53 IST" duration-ms="64633" status="FAIL">
          <exception class="org.openqa.selenium.NoSuchFrameException">
            <message>
              <![CDATA[No frame element found by name or id myframe
Build info: version: '4.4.0', revision: 'e5c75ed026a'
System info: host: 'DELL', ip: '192.168.1.5', os.name: 'Windows 8', os.arch: 'amd64', os.version: '6.2', java.version: '18.0.1.1'
Driver info: driver.version: unknown]]>
            </message>
            <full-stacktrace>
              <![CDATA[org.openqa.selenium.NoSuchFrameException: No frame element found by name or id myframe
Build info: version: '4.4.0', revision: 'e5c75ed026a'
System info: host: 'DELL', ip: '192.168.1.5', os.name: 'Windows 8', os.arch: 'amd64', os.version: '6.2', java.version: '18.0.1.1'
Driver info: driver.version: unknown
at org.openqa.selenium.remote.RemoteWebDriver$RemoteTargetLocator.frame(RemoteWebDriver.java:1063)
at login_test_class.LOGIN_TEST_PERFORM.loginwothcredential(LOGIN_TEST_PERFORM.java:33)
at java.base/jdk.internal.reflect.DirectMethodHandleAccessor.invoke(DirectMethodHandleAccessor.java:104)
at java.base/java.lang.reflect.Method.invoke(Method.java:577)
at org.testng.internal.invokers.MethodInvocationHelper.invokeMethod(MethodInvocationHelper.java:139)
at org.testng.internal.invokers.TestInvoker.invokeMethod(TestInvoker.java:677)
at org.testng.internal.invokers.TestInvoker.invokeTestMethod(TestInvoker.java:221)
at org.testng.internal.invokers.MethodRunner.runInSequence(MethodRunner.java:50)
at org.testng.internal.invokers.TestInvoker$MethodInvocationAgent.invoke(TestInvoker.java:962)
at org.testng.internal.invokers.TestInvoker.invokeTestMethods(TestInvoker.java:194)
at org.testng.internal.invokers.TestMethodWorker.invokeTestMethods(TestMethodWorker.java:148)
at org.testng.internal.invokers.TestMethodWorker.run(TestMethodWorker.java:128)
at java.base/java.util.ArrayList.forEach(ArrayList.java:1511)
at org.testng.TestRunner.privateRun(TestRunner.java:806)
at org.testng.TestRunner.run(TestRunner.java:601)
at org.testng.SuiteRunner.runTest(SuiteRunner.java:433)
at org.testng.SuiteRunner.runSequentially(SuiteRunner.java:427)
at org.testng.SuiteRunner.privateRun(SuiteRunner.java:387)
at org.testng.SuiteRunner.run(SuiteRunner.java:330)
at org.testng.SuiteRunnerWorker.runSuite(SuiteRunnerWorker.java:52)
at org.testng.SuiteRunnerWorker.run(SuiteRunnerWorker.java:95)
at org.testng.TestNG.runSuitesSequentially(TestNG.java:1256)
at org.testng.TestNG.runSuitesLocally(TestNG.java:1176)
at org.testng.TestNG.runSuites(TestNG.java:1099)
at org.testng.TestNG.run(TestNG.java:1067)
at org.testng.remote.AbstractRemoteTestNG.run(AbstractRemoteTestNG.java:115)
at org.testng.remote.RemoteTestNG.initAndRun(RemoteTestNG.java:251)
at org.testng.remote.RemoteTestNG.main(RemoteTestNG.java:77)
]]>
            </full-stacktrace>
          </exception> <!-- org.openqa.selenium.NoSuchFrameException -->
          <reporter-output>
          </reporter-output>
        </test-method> <!-- loginwothcredential -->
      </class> <!-- login_test_class.LOGIN_TEST_PERFORM -->
    </test> <!-- Default test -->
  </suite> <!-- Default suite -->
</testng-results>
